<?xml version="1.0" encoding="UTF-8"?>
<!-- Generated by org.testng.reporters.JUnitReportReporter -->
<testsuite hostname="DESKTOP-LA7286V" failures="0" tests="1" name="mockService.WireMockTest" time="0.479" errors="0" timestamp="2022-04-17T17:57:07 IST" skipped="0">
  <testcase classname="mockService.WireMockTest" name="getOrder" time="0.479"/>
  <system-out/>
</testsuite> <!-- mockService.WireMockTest -->
