<?xml version="1.0" encoding="UTF-8"?>
<!-- Generated by org.testng.reporters.JUnitReportReporter -->
<testsuite hostname="DESKTOP-LA7286V" failures="0" tests="1" name="TestSuiteEmployee.TestEmployee" time="2.463" errors="0" timestamp="2022-04-10T16:59:22 IST" skipped="0">
  <testcase classname="TestSuiteEmployee.TestEmployee" name="TestListPerPage" time="2.463"/>
  <system-out/>
</testsuite> <!-- TestSuiteEmployee.TestEmployee -->
