<?xml version="1.0" encoding="UTF-8"?>
<!-- Generated by org.testng.reporters.JUnitReportReporter -->
<testsuite hostname="DESKTOP-LA7286V" failures="0" tests="3" name="TestSuiteEmployee.PostEmployee" time="1.707" errors="0" timestamp="2022-03-24T21:29:29 IST" skipped="2">
  <testcase classname="TestSuiteEmployee.PostEmployee" name="PostUserUsingObject" time="1.707"/>
  <system-out/>
  <testcase classname="TestSuiteEmployee.PostEmployee" name="PostUserUsingStringJson">
    <skipped/>
  </testcase> <!-- PostUserUsingStringJson -->
  <system-out/>
  <testcase classname="TestSuiteEmployee.PostEmployee" name="PostUserUsingStringObject">
    <skipped/>
  </testcase> <!-- PostUserUsingStringObject -->
  <system-out/>
</testsuite> <!-- TestSuiteEmployee.PostEmployee -->
