<?xml version="1.0" encoding="UTF-8"?>
<!-- Generated by org.testng.reporters.JUnitReportReporter -->
<testsuite hostname="DESKTOP-LA7286V" failures="0" tests="13" name="TestSuiteEmployee.TestCode" time="0.547" errors="0" timestamp="2022-04-19T13:59:52 IST" skipped="9">
  <testcase classname="TestSuiteEmployee.TestCode" name="getOrderSuccess" time="0.023"/>
  <system-out/>
  <testcase classname="TestSuiteEmployee.TestCode" name="TestLoginResponeXml" time="0.007"/>
  <system-out/>
  <testcase classname="TestSuiteEmployee.TestCode" name="getOrderFailure" time="0.261"/>
  <system-out/>
  <testcase classname="TestSuiteEmployee.TestCode" name="TestLoginRequestXml" time="0.256"/>
  <system-out/>
  <testcase classname="TestSuiteEmployee.TestCode" name="checkSerialization">
    <skipped/>
  </testcase> <!-- checkSerialization -->
  <system-out/>
  <testcase classname="TestSuiteEmployee.TestCode" name="TestOrderXml">
    <skipped/>
  </testcase> <!-- TestOrderXml -->
  <system-out/>
  <testcase classname="TestSuiteEmployee.TestCode" name="GetUserDirectory">
    <skipped/>
  </testcase> <!-- GetUserDirectory -->
  <system-out/>
  <testcase classname="TestSuiteEmployee.TestCode" name="TestDataObject">
    <skipped/>
  </testcase> <!-- TestDataObject -->
  <system-out/>
  <testcase classname="TestSuiteEmployee.TestCode" name="PostUserUsingStringJson">
    <skipped/>
  </testcase> <!-- PostUserUsingStringJson -->
  <system-out/>
  <testcase classname="TestSuiteEmployee.TestCode" name="TestReports">
    <skipped/>
  </testcase> <!-- TestReports -->
  <system-out/>
  <testcase classname="TestSuiteEmployee.TestCode" name="getMockCreateOrderSuccessTest">
    <skipped/>
  </testcase> <!-- getMockCreateOrderSuccessTest -->
  <system-out/>
  <testcase classname="TestSuiteEmployee.TestCode" name="getMockUpdateOrderFailureTest">
    <skipped/>
  </testcase> <!-- getMockUpdateOrderFailureTest -->
  <system-out/>
  <testcase classname="TestSuiteEmployee.TestCode" name="TestOrderFailResponseXml">
    <skipped/>
  </testcase> <!-- TestOrderFailResponseXml -->
  <system-out/>
</testsuite> <!-- TestSuiteEmployee.TestCode -->
