<?xml version="1.0" encoding="UTF-8"?>
<!-- Generated by org.testng.reporters.JUnitReportReporter -->
<testsuite hostname="DESKTOP-LA7286V" failures="0" tests="3" name="TestSuiteEmployee.LoginTest" time="2.837" errors="0" timestamp="2022-04-21T19:20:27 IST" skipped="2">
  <testcase classname="TestSuiteEmployee.LoginTest" name="ValidLoginWithMockTestSample02" time="2.837"/>
  <system-out/>
  <testcase classname="TestSuiteEmployee.LoginTest" name="ValidLoginTest">
    <skipped/>
  </testcase> <!-- ValidLoginTest -->
  <system-out/>
  <testcase classname="TestSuiteEmployee.LoginTest" name="ValidLoginWithMockTestSample01">
    <skipped/>
  </testcase> <!-- ValidLoginWithMockTestSample01 -->
  <system-out/>
</testsuite> <!-- TestSuiteEmployee.LoginTest -->
