<?xml version="1.0" encoding="UTF-8"?>
<!-- Generated by org.testng.reporters.JUnitReportReporter -->
<testsuite hostname="DESKTOP-LA7286V" failures="0" tests="1" name="TestSuiteEmployee.PostEmployee" time="3.437" errors="0" timestamp="2022-03-31T10:16:05 IST" skipped="0">
  <testcase classname="TestSuiteEmployee.PostEmployee" name="TestEmployeeWithValidData" time="3.437"/>
  <system-out/>
</testsuite> <!-- TestSuiteEmployee.PostEmployee -->
