<?xml version="1.0" encoding="UTF-8"?>
<!-- Generated by org.testng.reporters.JUnitReportReporter -->
<testsuite hostname="DESKTOP-LA7286V" failures="0" tests="2" name="mockService.WireMockTest" time="0.474" errors="0" timestamp="2022-04-18T17:10:41 IST" skipped="1">
  <testcase classname="mockService.WireMockTest" name="getOrder" time="0.474"/>
  <system-out/>
  <testcase classname="mockService.WireMockTest" name="getOrder1">
    <skipped/>
  </testcase> <!-- getOrder1 -->
  <system-out/>
</testsuite> <!-- mockService.WireMockTest -->
