<?xml version="1.0" encoding="UTF-8"?>
<!-- Generated by org.testng.reporters.JUnitReportReporter -->
<testsuite hostname="DESKTOP-LA7286V" failures="0" tests="1" name="TestSuiteEmployee.AppTest" time="2.432" errors="0" timestamp="2022-03-22T10:28:32 IST" skipped="0">
  <testcase classname="TestSuiteEmployee.AppTest" name="shouldAnswerWithTrue" time="2.432"/>
  <system-out/>
</testsuite> <!-- TestSuiteEmployee.AppTest -->
